<?xml version="1.0" encoding="UTF-8"?>
<testsuite xmlns:xsi="http://www.w3.org/2001/XMLSchema-instance" xsi:noNamespaceSchemaLocation="https://maven.apache.org/surefire/maven-surefire-plugin/xsd/surefire-test-report-3.0.xsd" version="3.0" name="com.redis.RedisApplicationTests" time="3.787" tests="1" errors="0" skipped="0" failures="0">
  <properties>
[...]
</properties>
  <testcase name="contextLoads" classname="com.redis.RedisApplicationTests" time="0.817">
    <system-out><![CDATA[17:07:02.647 [main] INFO org.springframework.test.context.support.AnnotationConfigContextLoaderUtils -- Could not detect default configuration classes for test class [com.redis.RedisApplicationTests]: RedisApplicationTests does not declare any static, non-private, non-final, nested classes annotated with @Configuration.
17:07:02.760 [main] INFO org.springframework.boot.test.context.SpringBootTestContextBootstrapper -- Found @SpringBootConfiguration com.redis.RedisApplication for test class com.redis.RedisApplicationTests

  .   ____          _            __ _ _
 /\\ / ___'_ __ _ _(_)_ __  __ _ \ \ \ \
( ( )\___ | '_ | '_| | '_ \/ _` | \ \ \ \
 \\/  ___)| |_)| | | | | || (_| |  ) ) ) )
  '  |____| .__|_| |_|_| |_\__, | / / / /
 =========|_|==============|___/=/_/_/_/

 :: Spring Boot ::       (v3.3.2-SNAPSHOT)

2024-07-09T17:07:03.196+05:30  INFO 22700 --- [           main] com.redis.RedisApplicationTests          : Starting RedisApplicationTests using Java 21.0.3 with PID 22700 (started by dheeraj.pampally in D:\Redis_Final\redis)
2024-07-09T17:07:03.197+05:30  INFO 22700 --- [           main] com.redis.RedisApplicationTests          : No active profile set, falling back to 1 default profile: "default"
2024-07-09T17:07:04.052+05:30  INFO 22700 --- [           main] .s.d.r.c.RepositoryConfigurationDelegate : Multiple Spring Data modules found, entering strict repository configuration mode
2024-07-09T17:07:04.056+05:30  INFO 22700 --- [           main] .s.d.r.c.RepositoryConfigurationDelegate : Bootstrapping Spring Data Redis repositories in DEFAULT mode.
2024-07-09T17:07:04.096+05:30  INFO 22700 --- [           main] .s.d.r.c.RepositoryConfigurationDelegate : Finished Spring Data repository scanning in 14 ms. Found 0 Redis repository interfaces.
2024-07-09T17:07:05.353+05:30  INFO 22700 --- [           main] com.redis.RedisApplicationTests          : Started RedisApplicationTests in 2.421 seconds (process running for 3.711)
]]></system-out>
    <system-err><![CDATA[WARNING: A Java agent has been loaded dynamically (C:\Users\dheeraj.pampally\.m2\repository\net\bytebuddy\byte-buddy-agent\1.14.17\byte-buddy-agent-1.14.17.jar)
WARNING: If a serviceability tool is in use, please run with -XX:+EnableDynamicAgentLoading to hide this warning
WARNING: If a serviceability tool is not in use, please run with -Djdk.instrument.traceUsage for more information
WARNING: Dynamic loading of agents will be disallowed by default in a future release
]]></system-err>
  </testcase>
</testsuite>